#
# A fatal error has been detected by the Java Runtime Environment:
#
#  EXCEPTION_STACK_OVERFLOW (0xc00000fd) at pc=0x000000006b385077, pid=223564, tid=0x00000000000be8a8
#
# JRE version: Java(TM) SE Runtime Environment (8.0_241-b07) (build 1.8.0_241-b07)
# Java VM: Java HotSpot(TM) 64-Bit Server VM (25.241-b07 mixed mode windows-amd64 compressed oops)
# Problematic frame:
# V  [jvm.dll+0x215077]
#
# Failed to write core dump. Minidumps are not enabled by default on client versions of Windows
#
# If you would like to submit a bug report, please visit:
#   http://bugreport.java.com/bugreport/crash.jsp
#

---------------  T H R E A D  ---------------

Current thread (0x0000001f286bf800):  JavaThread "Thread-381636" [_thread_in_vm, id=780456, stack(0x0000003209700000,0x0000003209800000)]

siginfo: ExceptionCode=0xc00000fd, ExceptionInformation=0x0000000000000001 0x00000032097fc330 

Registers:
RAX=0x00000032097fc330, RBX=0x0000000000000004, RCX=0x0000000000003000, RDX=0x0000000000000006
RSP=0x00000032097ff330, RBP=0x0000000000000000, RSI=0x00000032097ff330, RDI=0x0000000000000004
R8 =0x0000000000000006, R9 =0x0000001f2b07aca0, R10=0x000000001e13e2f0, R11=0x000000320970a148
R12=0x0000001f2b07aca0, R13=0x0000001f286bf800, R14=0x00000032097ff3f8, R15=0x000000001e13e2f0
RIP=0x000000006b385077, EFLAGS=0x0000000000010206

Top of Stack: (sp=0x00000032097ff330)
0x00000032097ff330:   00001a2cc8cad2d5 00000007c0006c48
0x00000032097ff340:   0000001f286bf800 0000001f2b07aca0
0x00000032097ff350:   00000000ffffffff 000000006b385fa7
0x00000032097ff360:   00000032097ff460 000000001e13e2f0
0x00000032097ff370:   0000001f286bf800 000000006b2310e3
0x00000032097ff380:   00000032097ff3c0 0000001f286bf800
0x00000032097ff390:   00000032097ff450 0000001f286bf800
0x00000032097ff3a0:   000000001e13e2f0 0000001f286bf800
0x00000032097ff3b0:   00000000052c6e60 0000001f286bf800
0x00000032097ff3c0:   000000001e13e2f0 0000001f286bf800
0x00000032097ff3d0:   000000001e13e2f0 0000001f286bf800
0x00000032097ff3e0:   0000000000000001 000000001e13e2f0
0x00000032097ff3f0:   0000001f286bf800 0000001f28f52130
0x00000032097ff400:   0000001f286bf800 000000006b23284d
0x00000032097ff410:   00000032097ff718 00000007c0006c48
0x00000032097ff420:   00000007c0006c48 00007ffd7cbfedc2 

Instructions: (pc=0x000000006b385077)
0x000000006b385057:   48 89 6c 24 30 33 ed 66 90 e8 3b 5c 08 00 ff c3
0x000000006b385067:   48 63 c8 48 8b c6 48 0f af cf 48 ff c7 48 2b c1
0x000000006b385077:   89 28 48 63 c3 48 3b 05 25 08 5a 00 7e db 48 8b
0x000000006b385087:   6c 24 30 48 8b 5c 24 38 48 8b 74 24 40 48 83 c4 


Register to memory mapping:

RAX=0x00000032097fc330 is pointing into the stack for thread: 0x0000001f286bf800
RBX=0x0000000000000004 is an unknown value
RCX=0x0000000000003000 is an unknown value
RDX=0x0000000000000006 is an unknown value
RSP=0x00000032097ff330 is pointing into the stack for thread: 0x0000001f286bf800
RBP=