2020-10-28 15:46:20.138  INFO 21520 --- [main] c.s.SpringbootBlogApplicationTests       : Starting SpringbootBlogApplicationTests on ç¾½ç»’333333 with PID 21520 (started by Administrator in C:\Users\Administrator\IdeaProjects\springboot-blog)
2020-10-28 15:46:20.144  INFO 21520 --- [main] c.s.SpringbootBlogApplicationTests       : The following profiles are active: pro
2020-10-28 15:46:22.818  INFO 23040 --- [main] c.s.SpringbootBlogApplicationTests       : Starting SpringbootBlogApplicationTests on ç¾½ç»’333333 with PID 23040 (started by Administrator in C:\Users\Administrator\IdeaProjects\springboot-blog)
2020-10-28 15:46:22.819  INFO 23040 --- [main] c.s.SpringbootBlogApplicationTests       : The following profiles are active: pro
2020-10-28 15:46:28.944  WARN 23040 --- [main] JpaBaseConfiguration$JpaWebConfiguration : spring.jpa.open-in-view is enabled by default. Therefore, database queries may be performed during view rendering. Explicitly configure spring.jpa.open-in-view to disable this warning
2020-10-28 15:46:32.119  WARN 22432 --- [restartedMain] JpaBaseConfiguration$JpaWebConfiguration : spring.jpa.open-in-view is enabled by default. Therefore, database queries may be performed during view rendering. Explicitly configure spring.jpa.open-in-view to disable this warning
2020-10-28 15:46:33.581  INFO 23040 --- [main] c.s.SpringbootBlogApplicationTests       : Started SpringbootBlogApplicationTests in 11.465 seconds (JVM running for 12.816)
2020-10-28 15:47:13.486  WARN 23084 --- [restartedMain] JpaBaseConfiguration$JpaWebConfiguration : spring.jpa.open-in-view is enabled by default. Therefore, database queries may be performed during view rendering. Explicitly configure spring.jpa.open-in-view to disable this warning
2020-10-28 15:47:51.186  INFO 23084 --- [http-nio-8080-exec-1] com.springbootblog.aspect.LogAspect      : request:{url='http://localhost:8080/', ip='0:0:0:0:0:0:0:1', classMethod='com.springbootblog.web.IndexController.index', args=[Page request [number: 0, size 10, sort: updateTime: DESC], {}]}
2020-10-28 15:47:51.279  WARN 23084 --- [http-nio-8080-exec-1] org.hibernate.orm.deprecation            : HHH90000016: Found use of deprecated 'collection property' syntax in HQL/JPQL query [t.blogs.size]; use collection function syntax instead [size(t.blogs)].
2020-10-28 15:47:51.288  WARN 23084 --- [http-nio-8080-exec-1] org.hibernate.orm.deprecation            : HHH90000016: Found use of deprecated 'collection property' syntax in HQL/JPQL query [t.blogs.size]; use collection function syntax instead [size(t.blogs)].
2020-10-28 15:47:51.303  INFO 23084 --- [http-nio-8080-exec-1] com.springbootblog.aspect.LogAspect      : ---doAfter
2020-10-28 15:47:51.304  INFO 23084 --- [http-nio-8080-exec-1] com.springbootblog.aspect.LogAspect      : result:index
2020-10-28 15:49:00.707  INFO 23084 --- [http-nio-8080-exec-10] com.springbootblog.aspect.LogAspect      : request:{url='http://localhost:8080/', ip='0:0:0:0:0:0:0:1', classMethod='com.springbootblog.web.IndexController.index', args=[Page request [number: 0, size 10, sort: updateTime: DESC], {}]}
2020-10-28 15:49:00.722  INFO 23084 --- [http-nio-8080-exec-10] com.springbootblog.aspect.LogAspect      : ---doAfter
2020-10-28 15:49:00.722  INFO 23084 --- [http-nio-8080-exec-10] com.springbootblog.aspect.LogAspect      : result:index
2020-10-28 15:49:12.624  INFO 23084 --- [http-nio-8080-exec-10] com.springbootblog.aspect.LogAspect      : request:{url='http://localhost:8080/blog/13', ip='0:0:0:0:0:0:0:1', classMethod='com.springbootblog.web.IndexController.blog', args=[13, {}]}
2020-10-28 15:49:12.679  INFO 23084 --- [http-nio-8080-exec-10] com.springbootblog.aspect.LogAspect      : ---doAfter
2020-10-28 15:49:12.679  INFO 23084 --- [http-nio-8080-exec-10] com.springbootblog.aspect.LogAspect      : result:blog
2020-10-28 15:49:15.507  INFO 23084 --- [http-nio-8080-exec-7] com.springbootblog.aspect.LogAspect      : request:{url='http://localhost:8080/about', ip='0:0:0:0:0:0:0:1', classMethod='com.springbootblog.web.IndexController.about', args=[]}
2020-10-28 15:49:15.508  INFO 23084 --- [http-nio-8080-exec-7] com.springbootblog.aspect.LogAspect      : ---doAfter
2020-10-28 15:49:15.508  INFO 23084 --- [http-nio-8080-exec-7] com.springbootblog.aspect.LogAspect      : result:about
2020-10-28 15:49:17.217  INFO 23084 --- [http-nio-8080-exec-5] com.springbootblog.aspect.LogAspect      : request:{url='http://localhost:8080/', ip='0:0:0:0:0:0:0:1', classMethod='com.springbootblog.web.IndexController.index', args=[Page request [number: 0, size 10, sort: updateTime: DESC], {}]}
2020-10-28 15:49:17.230  INFO 23084 --- [http-nio-8080-exec-5] com.springbootblog.aspect.LogAspect      : ---doAfter
2020-10-28 15:49:17.230  INFO 23084 --- [http-nio-8080-exec-5] com.springbootblog.aspect.LogAspect      : result:index
2020-10-28 15:49:58.302  INFO 23084 --- [http-nio-8080-exec-7] com.springbootblog.aspect.LogAspect      : request:{url='http://localhost:8080/blog/99', ip='0:0:0:0:0:0:0:1', classMethod='com.springbootblog.web.IndexController.blog', args=[99, {}]}
2020-10-28 15:49:58.324  INFO 23084 --- [http-nio-8080-exec-7] com.springbootblog.aspect.LogAspect      : ---doAfter
2020-10-28 15:49:58.325  INFO 23084 --- [http-nio-8080-exec-7] com.springbootblog.aspect.LogAspect      : result:blog
2020-10-28 15:50:59.290  INFO 23084 --- [http-nio-8080-exec-9] com.springbootblog.aspect.LogAspect      : request:{url='http://localhost:8080/blog/99', ip='0:0:0:0:0:0:0:1', classMethod='com.springbootblog.web.IndexController.blog', args=[99, {}]}
2020-10-28 15:50:59.298  INFO 23084 --- [http-nio-8080-exec-9] com.springbootblog.aspect.LogAspect      : ---doAfter
2020-10-28 15:50:59.298  INFO 23084 --- [http-nio-8080-exec-9] com.springbootblog.aspect.LogAspect      : result:blog
2020-10-28 15:51:14.338  INFO 23084 --- [http-nio-8080-exec-10] com.springbootblog.aspect.LogAspect      : request:{url='http://localhost:8080/blog/99', ip='0:0:0:0:0:0:0:1', classMethod='com.springbootblog.web.IndexController.blog', args=[99, {}]}
2020-10-28 15:51:14.345  INFO 23084 --- [http-nio-8080-exec-10] com.springbootblog.aspect.LogAspect      : ---doAfter
2020-10-28 15:51:14.345  INFO 23084 --- [http-nio-8080-exec-10] com.springbootblog.aspect.LogAspect      : result:blog
2020-10-28 15:52:28.381  INFO 23084 --- [http-nio-8080-exec-6] com.springbootblog.aspect.LogAspect      : request:{url='http://localhost:8080/blog/99', ip='0:0:0:0:0:0:0:1', classMethod='com.springbootblog.web.IndexController.blog', args=[99, {}]}
2020-10-28 15:52:28.404  INFO 23084 --- [http-nio-8080-exec-6] com.springbootblog.aspect.LogAspect      : ---doAfter
2020-10-28 15:52:28.404  INFO 23084 --- [http-nio-8080-exec-6] com.springbootblog.aspect.LogAspect      : result:blog
2020-10-28 15:54:37.970  INFO 23084 --- [http-nio-8080-exec-1] com.springbootblog.aspect.LogAspect      : request:{url='http://localhost:8080/blog/99', ip='0:0:0:0:0:0:0:1', classMethod='com.springbootblog.web.IndexController.blog', args=[99, {}]}
2020-10-28 15:54:37.977  INFO 23084 --- [http-nio-8080-exec-1] com.springbootblog.aspect.LogAspect      : ---doAfter
2020-10-28 15:54:37.977  INFO 23084 --- [http-nio-8080-exec-1] com.springbootblog.aspect.LogAspect      : result:blog
2020-10-28 15:55:23.824  INFO 23084 --- [http-nio-8080-exec-6] com.springbootblog.aspect.LogAspect      : request:{url='http://localhost:8080/blog/99', ip='0:0:0:0:0:0:0:1', classMethod='com.springbootblog.web.IndexController.blog', args=[99, {}]}
2020-10-28 15:55:23.834  INFO 23084 --- [http-nio-8080-exec-6] com.springbootblog.aspect.LogAspect      : ---doAfter
2020-10-28 15:55:23.834  INFO 23084 --- [http-nio-8080-exec-6] com.springbootblog.aspect.LogAspect      : result:blog
2020-10-28 15:59:18.147  INFO 23084 --- [http-nio-8080-exec-7] com.springbootblog.aspect.LogAspect      : request:{url='http://localhost:8080/blog/99', ip='0:0:0:0:0:0:0:1', classMethod='com.springbootblog.web.IndexController.blog', args=[99, {}]}
2020-10-28 15:59:18.155  INFO 23084 --- [http-nio-8080-exec-7] com.springbootblog.aspect.LogAspect      : ---doAfter
2020-10-28 15:59:18.155  INFO 23084 --- [http-nio-8080-exec-7] com.springbootblog.aspect.LogAspect      : result:blog
2020-10-28 15:59:50.041  INFO 23084 --- [http-nio-8080-exec-3] com.springbootblog.aspect.LogAspect      : request:{url='http://localhost:8080/blog/99', ip='0:0:0:0:0:0:0:1', classMethod='com.springbootblog.web.IndexController.blog', args=[99, {}]}
2020-10-28 15:59:50.049  INFO 23084 --- [http-nio-8080-exec-3] com.springbootblog.aspect.LogAspect      : ---doAfter
2020-10-28 15:59:50.050  INFO 23084 --- [http-nio-8080-exec-3] com.springbootblog.aspect.LogAspect      : result:blog
2020-10-28 16:00:19.295  INFO 23084 --- [http-nio-8080-exec-6] com.springbootblog.aspect.LogAspect      : request:{url='http://localhost:8080/blog/99', ip='0:0:0:0:0:0:0:1', classMethod='com.springbootblog.web.IndexController.blog', args=[99, {}]}
2020-10-28 16:00:19.302  INFO 23084 --- [http-nio-8080-exec-6] com.springbootblog.aspect.LogAspect      : ---doAfter
2020-10-28 16:00:19.302  INFO 23084 --- [http-nio-8080-exec-6] com.springbootblog.aspect.LogAspect      : result:blog
2020-10-28 16:02:16.525  INFO 23084 --- [http-nio-8080-exec-3] com.springbootblog.aspect.LogAspect      : request:{url='http://localhost:8080/blog/99', ip='0:0:0:0:0:0:0:1', classMethod='com.springbootblog.web.IndexController.blog', args=[99, {}]}
2020-10-28 16:02:16.546  INFO 23084 --- [http-nio-8080-exec-3] com.springbootblog.aspect.LogAspect      : ---doAfter
2020-10-28 16:02:16.546  INFO 23084 --- [http-nio-8080-exec-3] com.springbootblog.aspect.LogAspect      : result:blog
2020-10-28 16:02:56.816  INFO 23084 --- [http-nio-8080-exec-5] com.springbootblog.aspect.LogAspect      : request:{url='http://localhost:8080/blog/99', ip='0:0:0:0:0:0:0:1', classMethod='com.springbootblog.web.IndexController.blog', args=[99, {}]}
2020-10-28 16:02:56.822  INFO 23084 --- [http-nio-8080-exec-5] com.springbootblog.aspect.LogAspect      : ---doAfter
2020-10-28 16:02:56.823  INFO 23084 --- [http-nio-8080-exec-5] com.springbootblog.aspect.LogAspect      : result:blog
2020-10-28 16:03:23.611  INFO 23084 --- [http-nio-8080-exec-1] com.springbootblog.aspect.LogAspect      : request:{url='http://localhost:8080/blog/99', ip='0:0:0:0:0:0:0:1', classMethod='com.springbootblog.web.IndexController.blog', args=[99, {}]}
2020-10-28 16:03:23.618  INFO 23084 --- [http-nio-8080-exec-1] com.springbootblog.aspect.LogAspect      : ---doAfter
2020-10-28 16:03:23.619  INFO 23084 --- [http-nio-8080-exec-1] com.springbootblog.aspect.LogAspect      : result:blog
2020-10-28 16:03:55.586  INFO 23084 --- [http-nio-8080-exec-7] com.springbootblog.aspect.LogAspect      : request:{url='http://localhost:8080/blog/99', ip='0:0:0:0:0:0:0:1', classMethod='com.springbootblog.web.IndexController.blog', args=[99, {}]}
2020-10-28 16:03:55.593  INFO 23084 --- [http-nio-8080-exec-7] com.springbootblog.aspect.LogAspect      : ---doAfter
2020-10-28 16:03:55.593  INFO 23084 --- [http-nio-8080-exec-7] com.springbootblog.aspect.LogAspect      : result:blog
2020-10-28 16:04:53.056  INFO 23084 --- [http-nio-8080-exec-9] com.springbootblog.aspect.LogAspect      : request:{url='http://localhost:8080/blog/99', ip='0:0:0:0:0:0:0:1', classMethod='com.springbootblog.web.IndexController.blog', args=[99, {}]}
2020-10-28 16:04:53.076  INFO 23084 --- [http-nio-8080-exec-9] com.springbootblog.aspect.LogAspect      : ---doAfter
2020-10-28 16:04:53.076  INFO 23084 --- [http-nio-8080-exec-9] com.springbootblog.aspect.LogAspect      : result:blog
2020-10-28 16:05:00.873  INFO 23084 --- [http-nio-8080-exec-10] com.springbootblog.aspect.LogAspect      : request:{url='http://localhost:8080/', ip='0:0:0:0:0:0:0:1', classMethod='com.springbootblog.web.IndexController.index', args=[Page request [number: 0, size 10, sort: updateTime: DESC], {}]}
2020-10-28 16:05:00.884  INFO 23084 --- [http-nio-8080-exec-10] com.springbootblog.aspect.LogAspect      : ---doAfter
2020-10-28 16:05:00.884  INFO 23084 --- [http-nio-8080-exec-10] com.springbootblog.aspect.LogAspect      : result:index
2020-10-28 16:05:10.081  INFO 23084 --- [http-nio-8080-exec-8] com.springbootblog.aspect.LogAspect      : request:{url='http://localhost:8080/', ip='0:0:0:0:0:0:0:1', classMethod='com.springbootblog.web.IndexController.index', args=[Page request [number: 0, size 10, sort: updateTime: DESC], {}]}
2020-10-28 16:05:10.092  INFO 23084 --- [http-nio-8080-exec-8] com.springbootblog.aspect.LogAspect      : ---doAfter
2020-10-28 16:05:10.092  INFO 23084 --- [http-nio-8080-exec-8] com.springbootblog.aspect.LogAspect      : result:index
2020-10-28 16:05:22.667  INFO 23084 --- [http-nio-8080-exec-2] com.springbootblog.aspect.LogAspect      : request:{url='http://localhost:8080/', ip='0:0:0:0:0:0:0:1', classMethod='com.springbootblog.web.IndexController.index', args=[Page request [number: 0, size 10, sort: updateTime: DESC], {}]}
2020-10-28 16:05:22.676  INFO 23084 --- [http-nio-8080-exec-2] com.springbootblog.aspect.LogAspect      : ---doAfter
2020-10-28 16:05:22.676  INFO 23084 --- [http-nio-8080-exec-2] com.springbootblog.aspect.LogAspect      : result:index
2020-10-28 16:05:42.339  INFO 23084 --- [http-nio-8080-exec-9] com.springbootblog.aspect.LogAspect      : request:{url='http://localhost:8080/', ip='0:0:0:0:0:0:0:1', classMethod='com.springbootblog.web.IndexController.index', args=[Page request [number: 0, size 10, sort: updateTime: DESC], {}]}
2020-10-28 16:05:42.352  INFO 23084 --- [http-nio-8080-exec-9] com.springbootblog.aspect.LogAspect      : ---doAfter
2020-10-28 16:05:42.352  INFO 23084 --- [http-nio-8080-exec-9] com.springbootblog.aspect.LogAspect      : result:index
2020-10-28 16:06:05.885  INFO 23084 --- [http-nio-8080-exec-2] com.springbootblog.aspect.LogAspect      : request:{url='http://localhost:8080/', ip='0:0:0:0:0:0:0:1', classMethod='com.springbootblog.web.IndexController.index', args=[Page request [number: 0, size 10, sort: updateTime: DESC], {}]}
2020-10-28 16:06:05.896  INFO 23084 --- [http-nio-8080-exec-2] com.springbootblog.aspect.LogAspect      : ---doAfter
2020-10-28 16:06:05.896  INFO 23084 --- [http-nio-8080-exec-2] com.springbootblog.aspect.LogAspect      : result:index
2020-10-28 16:06:21.166  INFO 23084 --- [http-nio-8080-exec-3] com.springbootblog.aspect.LogAspect      : request:{url='http://localhost:8080/blog/14', ip='0:0:0:0:0:0:0:1', classMethod='com.springbootblog.web.IndexController.blog', args=[14, {}]}
2020-10-28 16:06:21.177  INFO 23084 --- [http-nio-8080-exec-3] com.springbootblog.aspect.LogAspect      : ---doAfter
2020-10-28 16:06:21.177  INFO 23084 --- [http-nio-8080-exec-3] com.springbootblog.aspect.LogAspect      : result:blog
2020-10-28 16:06:28.563  INFO 23084 --- [http-nio-8080-exec-1] com.springbootblog.aspect.LogAspect      : request:{url='http://localhost:8080/blog/85', ip='0:0:0:0:0:0:0:1', classMethod='com.springbootblog.web.IndexController.blog', args=[85, {}]}
2020-10-28 16:06:28.570  INFO 23084 --- [http-nio-8080-exec-1] com.springbootblog.aspect.LogAspect      : ---doAfter
2020-10-28 16:06:28.570  INFO 23084 --- [http-nio-8080-exec-1] com.springbootblog.aspect.LogAspect      : result:blog
2020-10-28 16:07:45.050  INFO 23084 --- [http-nio-8080-exec-1] com.springbootblog.aspect.LogAspect      : request:{url='http://localhost:8080/', ip='0:0:0:0:0:0:0:1', classMethod='com.springbootblog.web.IndexController.index', args=[Page request [number: 0, size 10, sort: updateTime: DESC], {}]}
2020-10-28 16:07:45.059  INFO 23084 --- [http-nio-8080-exec-1] com.springbootblog.aspect.LogAspect      : ---doAfter
2020-10-28 16:07:45.059  INFO 23084 --- [http-nio-8080-exec-1] com.springbootblog.aspect.LogAspect      : result:index
2020-10-28 16:07:47.015  INFO 23084 --- [http-nio-8080-exec-6] com.springbootblog.aspect.LogAspect      : request:{url='http://localhost:8080/blog/4', ip='0:0:0:0:0:0:0:1', classMethod='com.springbootblog.web.IndexController.blog', args=[4, {}]}
2020-10-28 16:07:47.020  INFO 23084 --- [http-nio-8080-exec-6] com.springbootblog.aspect.LogAspect      : ---doAfter
2020-10-28 16:07:47.021  INFO 23084 --- [http-nio-8080-exec-6] com.springbootblog.aspect.LogAspect      : result:blog
2020-10-28 16:08:43.646  INFO 23084 --- [http-nio-8080-exec-7] com.springbootblog.aspect.LogAspect      : request:{url='http://localhost:8080/', ip='0:0:0:0:0:0:0:1', classMethod='com.springbootblog.web.IndexController.index', args=[Page request [number: 0, size 10, sort: updateTime: DESC], {}]}
2020-10-28 16:08:43.657  INFO 23084 --- [http-nio-8080-exec-7] com.springbootblog.aspect.LogAspect      : ---doAfter
2020-10-28 16:08:43.658  INFO 23084 --- [http-nio-8080-exec-7] com.springbootblog.aspect.LogAspect      : result:index
2020-10-28 16:08:49.828  INFO 23084 --- [http-nio-8080-exec-9] com.springbootblog.aspect.LogAspect      : request:{url='http://localhost:8080/blog/5', ip='0:0:0:0:0:0:0:1', classMethod='com.springbootblog.web.IndexController.blog', args=[5, {}]}
2020-10-28 16:08:49.833  INFO 23084 --- [http-nio-8080-exec-9] com.springbootblog.aspect.LogAspect      : ---doAfter
2020-10-28 16:08:49.834  INFO 23084 --- [http-nio-8080-exec-9] com.springbootblog.aspect.LogAspect      : result:blog
2020-10-28 16:09:48.320  INFO 23084 --- [http-nio-8080-exec-10] com.springbootblog.aspect.LogAspect      : request:{url='http://localhost:8080/blog/5', ip='0:0:0:0:0:0:0:1', classMethod='com.springbootblog.web.IndexController.blog', args=[5, {}]}
2020-10-28 16:09:48.339  INFO 23084 --- [http-nio-8080-exec-10] com.springbootblog.aspect.LogAspect      : ---doAfter
2020-10-28 16:09:48.339  INFO 23084 --- [http-nio-8080-exec-10] com.springbootblog.aspect.LogAspect      : result:blog
2020-10-28 16:12:40.023  WARN 23084 --- [restartedMain] ConfigServletWebServerApplicationContext : Exception encountered during context initialization - cancelling refresh attempt: org.springframework.beans.factory.UnsatisfiedDependencyException: Error creating bean with name 'archiveShowController': Unsatisfied dependency expressed through field 'blogService'; nested exception is org.springframework.beans.factory.NoSuchBeanDefinitionException: No qualifying bean of type 'com.springbootblog.service.BlogService' available: expected at least 1 bean which qualifies as autowire candidate. Dependency annotations: {@org.springframework.beans.factory.annotation.Autowired(required=true)}
2020-10-28 16:12:41.091  INFO 21400 --- [main] c.s.SpringbootBlogApplicationTests       : Starting SpringbootBlogApplicationTests on ÓðÈÞ333333 with PID 21400 (started by Administrator in C:\Users\Administrator\IdeaProjects\springboot-blog)
2020-10-28 16:12:41.092  INFO 21400 --- [main] c.s.SpringbootBlogApplicationTests       : The following profiles are active: ali
2020-10-28 16:12:44.345  WARN 21400 --- [main] JpaBaseConfiguration$JpaWebConfiguration : spring.jpa.open-in-view is enabled by default. Therefore, database queries may be performed during view rendering. Explicitly configure spring.jpa.open-in-view to disable this warning
2020-10-28 16:12:52.532 ERROR 23084 --- [restartedMain] o.s.b.d.LoggingFailureAnalysisReporter   : 

***************************
APPLICATION FAILED TO START
***************************

Description:

Field blogService in com.springbootblog.web.ArchiveShowController required a bean of type 'com.springbootblog.service.BlogService' that could not be found.

The injection point has the following annotations:
	- @org.springframework.beans.factory.annotation.Autowired(required=true)


Action:

Consider defining a bean of type 'com.springbootblog.service.BlogService' in your configuration.

2020-10-28 16:12:52.535  WARN 23084 --- [restartedMain] o.s.boot.SpringApplication               : Unable to close ApplicationContext

org.springframework.beans.factory.BeanCreationException: Error creating bean with name 'springApplicationAdminRegistrar' defined in class path resource [org/springframework/boot/autoconfigure/admin/SpringApplicationAdminJmxAutoConfiguration.class]: BeanPostProcessor before instantiation of bean failed; nested exception is org.springframework.beans.factory.BeanCreationException: Error creating bean with name 'org.springframework.transaction.annotation.ProxyTransactionManagementConfiguration': Initialization of bean failed; nested exception is org.springframework.beans.factory.NoSuchBeanDefinitionException: No bean named 'org.springframework.context.annotation.ConfigurationClassPostProcessor.importRegistry' available
	at org.springframework.beans.factory.support.AbstractAutowireCapableBeanFactory.createBean(AbstractAutowireCapableBeanFactory.java:512)
	at org.springframework.beans.factory.support.AbstractBeanFactory.lambda$doGetBean$0(AbstractBeanFactory.java:323)
	at org.springframework.beans.factory.support.DefaultSingletonBeanRegistry.getSingleton(DefaultSingletonBeanRegistry.java:226)
	at org.springframework.beans.factory.support.AbstractBeanFactory.doGetBean(AbstractBeanFactory.java:321)
	at org.springframework.beans.factory.support.AbstractBeanFactory.getBean(AbstractBeanFactory.java:207)
	at org.springframework.context.event.AbstractApplicationEventMulticaster.retrieveApplicationListeners(AbstractApplicationEventMulticaster.java:245)
	at org.springframework.context.event.AbstractApplicationEventMulticaster.getApplicationListeners(AbstractApplicationEventMulticaster.java:197)
	at org.springframework.context.event.SimpleApplicationEventMulticaster.multicastEvent(SimpleApplicationEventMulticaster.java:134)
	at org.springframework.context.support.AbstractApplicationContext.publishEvent(AbstractApplicationContext.java:403)
	at org.springframework.context.support.AbstractApplicationContext.publishEvent(AbstractApplicationContext.java:360)
	at org.springframework.boot.availability.AvailabilityChangeEvent.publish(AvailabilityChangeEvent.java:81)
	at org.springframework.boot.availability.AvailabilityChangeEvent.publish(AvailabilityChangeEvent.java:67)
	at org.springframework.boot.web.servlet.context.ServletWebServerApplicationContext.doClose(ServletWebServerApplicationContext.java:167)
	at org.springframework.context.support.AbstractApplicationContext.close(AbstractApplicationContext.java:978)
	at org.springframework.boot.SpringApplication.handleRunFailure(SpringApplication.java:814)
	at org.springframework.boot.SpringApplication.run(SpringApplication.java:325)
	at org.springframework.boot.SpringApplication.run(SpringApplication.java:1237)
	at org.springframework.boot.SpringApplication.run(SpringApplication.java:1226)
	at com.SpringbootBlogApplication.main(SpringbootBlogApplication.java:10)
	at sun.reflect.NativeMethodAccessorImpl.invoke0(Native Method)
	at sun.reflect.NativeMethodAccessorImpl.invoke(NativeMethodAccessorImpl.java:62)
	at sun.reflect.DelegatingMethodAccessorImpl.invoke(DelegatingMethodAccessorImpl.java:43)
	at java.lang.reflect.Method.invoke(Method.java:498)
	at org.springframework.boot.devtools.restart.RestartLauncher.run(RestartLauncher.java:49)
Caused by: org.springframework.beans.factory.BeanCreationException: Error creating bean with name 'org.springframework.transaction.annotation.ProxyTransactionManagementConfiguration': Initialization of bean failed; nested exception is org.springframework.beans.factory.NoSuchBeanDefinitionException: No bean named 'org.springframework.context.annotation.ConfigurationClassPostProcessor.importRegistry' available
	at org.springframework.beans.factory.support.AbstractAutowireCapableBeanFactory.doCreateBean(AbstractAutowireCapableBeanFactory.java:603)
	at org.springframework.beans.factory.support.AbstractAutowireCapableBeanFactory.createBean(AbstractAutowireCapableBeanFactory.java:517)
	at org.springframework.beans.factory.support.AbstractBeanFactory.lambda$doGetBean$0(AbstractBeanFactory.java:323)
	at org.springframework.beans.factory.support.DefaultSingletonBeanRegistry.getSingleton(DefaultSingletonBeanRegistry.java:226)
	at org.springframework.beans.factory.support.AbstractBeanFactory.doGetBean(AbstractBeanFactory.java:321)
	at org.springframework.beans.factory.support.AbstractBeanFactory.getBean(AbstractBeanFactory.java:202)
	at org.springframework.beans.factory.support.ConstructorResolver.instantiateUsingFactoryMethod(ConstructorResolver.java:409)
	at org.springframework.beans.factory.support.AbstractAutowireCapableBeanFactory.instantiateUsingFactoryMethod(AbstractAutowireCapableBeanFactory.java:1338)
	at org.springframework.beans.factory.support.AbstractAutowireCapableBeanFactory.createBeanInstance(AbstractAutowireCapableBeanFactory.java:1177)
	at org.springframework.beans.factory.support.AbstractAutowireCapableBeanFactory.doCreateBean(AbstractAutowireCapableBeanFactory.java:557)
	at org.springframework.beans.factory.support.AbstractAutowireCapableBeanFactory.createBean(AbstractAutowireCapableBeanFactory.java:517)
	at org.springframework.beans.factory.support.AbstractBeanFactory.lambda$doGetBean$0(AbstractBeanFactory.java:323)
	at org.springframework.beans.factory.support.DefaultSingletonBeanRegistry.getSingleton(DefaultSingletonBeanRegistry.java:226)
	at org.springframework.beans.factory.support.AbstractBeanFactory.doGetBean(AbstractBeanFactory.java:321)
	at org.springframework.beans.factory.support.AbstractBeanFactory.getBean(AbstractBeanFactory.java:207)
	at org.springframework.aop.framework.autoproxy.BeanFactoryAdvisorRetrievalHelper.findAdvisorBeans(BeanFactoryAdvisorRetrievalHelper.java:91)
	at org.springframework.aop.framework.autoproxy.AbstractAdvisorAutoProxyCreator.findCandidateAdvisors(AbstractAdvisorAutoProxyCreator.java:109)
	at org.springframework.aop.aspectj.annotation.AnnotationAwareAspectJAutoProxyCreator.findCandidateAdvisors(AnnotationAwareAspectJAutoProxyCreator.java:92)
	at org.springframework.aop.aspectj.autoproxy.AspectJAwareAdvisorAutoProxyCreator.shouldSkip(AspectJAwareAdvisorAutoProxyCreator.java:101)
	at org.springframework.aop.framework.autoproxy.AbstractAutoProxyCreator.postProcessBeforeInstantiation(AbstractAutoProxyCreator.java:251)
	at org.springframework.beans.factory.support.AbstractAutowireCapableBeanFactory.applyBeanPostProcessorsBeforeInstantiation(AbstractAutowireCapableBeanFactory.java:1141)
	at org.springframework.beans.factory.support.AbstractAutowireCapableBeanFactory.resolveBeforeInstantiation(AbstractAutowireCapableBeanFactory.java:1114)
	at org.springframework.beans.factory.support.AbstractAutowireCapableBeanFactory.createBean(AbstractAutowireCapableBeanFactory.java:506)
	... 23 common frames omitted
Caused by: org.springframework.beans.factory.NoSuchBeanDefinitionException: No bean named 'org.springframework.context.annotation.ConfigurationClassPostProcessor.importRegistry' available
	at org.springframework.beans.factory.support.DefaultListableBeanFactory.getBeanDefinition(DefaultListableBeanFactory.java:814)
	at org.springframework.beans.factory.support.AbstractBeanFactory.getMergedLocalBeanDefinition(AbstractBeanFactory.java:1282)
	at org.springframework.beans.factory.support.AbstractBeanFactory.doGetBean(AbstractBeanFactory.java:297)
	at org.springframework.beans.factory.support.AbstractBeanFactory.getBean(AbstractBeanFactory.java:207)
	at org.springframework.context.annotation.ConfigurationClassPostProcessor$ImportAwareBeanPostProcessor.postProcessBeforeInitialization(ConfigurationClassPostProcessor.java:456)
	at org.springframework.beans.factory.support.AbstractAutowireCapableBeanFactory.applyBeanPostProcessorsBeforeInitialization(AbstractAutowireCapableBeanFactory.java:416)
	at org.springframework.beans.factory.support.AbstractAutowireCapableBeanFactory.initializeBean(AbstractAutowireCapableBeanFactory.java:1788)
	at org.springframework.beans.factory.support.AbstractAutowireCapableBeanFactory.doCreateBean(AbstractAutowireCapableBeanFactory.java:595)
	... 45 common frames omitted

2020-10-28 16:13:04.075  INFO 21400 --- [main] c.s.SpringbootBlogApplicationTests       : Started SpringbootBlogApplicationTests in 23.364 seconds (JVM running for 24.224)
2020-10-28 16:13:37.788  INFO 20516 --- [main] c.s.SpringbootBlogApplicationTests       : Starting SpringbootBlogApplicationTests on ÓðÈÞ333333 with PID 20516 (started by Administrator in C:\Users\Administrator\IdeaProjects\springboot-blog)
2020-10-28 16:13:37.790  INFO 20516 --- [main] c.s.SpringbootBlogApplicationTests       : The following profiles are active: ali
2020-10-28 16:13:38.746  WARN 23084 --- [restartedMain] JpaBaseConfiguration$JpaWebConfiguration : spring.jpa.open-in-view is enabled by default. Therefore, database queries may be performed during view rendering. Explicitly configure spring.jpa.open-in-view to disable this warning
2020-10-28 16:13:41.217  WARN 20516 --- [main] JpaBaseConfiguration$JpaWebConfiguration : spring.jpa.open-in-view is enabled by default. Therefore, database queries may be performed during view rendering. Explicitly configure spring.jpa.open-in-view to disable this warning
2020-10-28 16:13:46.177  INFO 20516 --- [main] c.s.SpringbootBlogApplicationTests       : Started SpringbootBlogApplicationTests in 8.934 seconds (JVM running for 10.392)
2020-10-28 17:48:20.230  WARN 972 --- [restartedMain] JpaBaseConfiguration$JpaWebConfiguration : spring.jpa.open-in-view is enabled by default. Therefore, database queries may be performed during view rendering. Explicitly configure spring.jpa.open-in-view to disable this warning
2020-10-28 17:48:34.457  INFO 972 --- [http-nio-8080-exec-1] com.springbootblog.aspect.LogAspect      : request:{url='http://localhost:8080/', ip='0:0:0:0:0:0:0:1', classMethod='com.springbootblog.web.IndexController.index', args=[Page request [number: 0, size 10, sort: updateTime: DESC], {}]}
2020-10-28 17:48:34.532  WARN 972 --- [http-nio-8080-exec-1] org.hibernate.orm.deprecation            : HHH90000016: Found use of deprecated 'collection property' syntax in HQL/JPQL query [t.blogs.size]; use collection function syntax instead [size(t.blogs)].
2020-10-28 17:48:34.542  WARN 972 --- [http-nio-8080-exec-1] org.hibernate.orm.deprecation            : HHH90000016: Found use of deprecated 'collection property' syntax in HQL/JPQL query [t.blogs.size]; use collection function syntax instead [size(t.blogs)].
2020-10-28 17:48:34.548  INFO 972 --- [http-nio-8080-exec-1] com.springbootblog.aspect.LogAspect      : ---doAfter
2020-10-28 17:48:34.549  INFO 972 --- [http-nio-8080-exec-1] com.springbootblog.aspect.LogAspect      : result:index
2020-10-28 17:48:42.170  INFO 972 --- [http-nio-8080-exec-6] com.springbootblog.aspect.LogAspect      : request:{url='http://localhost:8080/search', ip='0:0:0:0:0:0:0:1', classMethod='com.springbootblog.web.IndexController.search', args=[Page request [number: 0, size 3, sort: updateTime: DESC], å †, {}]}
2020-10-28 17:48:42.180  INFO 972 --- [http-nio-8080-exec-6] com.springbootblog.aspect.LogAspect      : ---doAfter
2020-10-28 17:48:42.180  INFO 972 --- [http-nio-8080-exec-6] com.springbootblog.aspect.LogAspect      : result:search
2020-10-28 17:48:47.017  INFO 972 --- [http-nio-8080-exec-1] com.springbootblog.aspect.LogAspect      : request:{url='http://localhost:8080/search', ip='0:0:0:0:0:0:0:1', classMethod='com.springbootblog.web.IndexController.search', args=[Page request [number: 0, size 3, sort: updateTime: DESC], , {}]}
2020-10-28 17:48:47.023  INFO 972 --- [http-nio-8080-exec-1] com.springbootblog.aspect.LogAspect      : ---doAfter
2020-10-28 17:48:47.023  INFO 972 --- [http-nio-8080-exec-1] com.springbootblog.aspect.LogAspect      : result:search
2020-10-28 17:48:54.665  INFO 972 --- [http-nio-8080-exec-7] com.springbootblog.aspect.LogAspect      : request:{url='http://localhost:8080/search', ip='0:0:0:0:0:0:0:1', classMethod='com.springbootblog.web.IndexController.search', args=[Page request [number: 0, size 3, sort: updateTime: DESC], å…­ç»´ç©ºé—´, {}]}
2020-10-28 17:48:54.668  INFO 972 --- [http-nio-8080-exec-7] com.springbootblog.aspect.LogAspect      : ---doAfter
2020-10-28 17:48:54.668  INFO 972 --- [http-nio-8080-exec-7] com.springbootblog.aspect.LogAspect      : result:search
2020-10-28 17:52:04.460  INFO 972 --- [http-nio-8080-exec-10] com.springbootblog.aspect.LogAspect      : request:{url='http://localhost:8080/search', ip='0:0:0:0:0:0:0:1', classMethod='com.springbootblog.web.IndexController.search', args=[Page request [number: 0, size 3, sort: updateTime: DESC], å…­ç»´ç©ºé—´, {}]}
2020-10-28 17:52:04.462  INFO 972 --- [http-nio-8080-exec-10] com.springbootblog.aspect.LogAspect      : ---doAfter
2020-10-28 17:52:04.462  INFO 972 --- [http-nio-8080-exec-10] com.springbootblog.aspect.LogAspect      : result:search
2020-10-28 17:52:13.649  INFO 972 --- [http-nio-8080-exec-9] com.springbootblog.aspect.LogAspect      : request:{url='http://localhost:8080/search', ip='0:0:0:0:0:0:0:1', classMethod='com.springbootblog.web.IndexController.search', args=[Page request [number: 0, size 3, sort: updateTime: DESC], å †, {}]}
2020-10-28 17:52:13.653  INFO 972 --- [http-nio-8080-exec-9] com.springbootblog.aspect.LogAspect      : ---doAfter
2020-10-28 17:52:13.653  INFO 972 --- [http-nio-8080-exec-9] com.springbootblog.aspect.LogAspect      : result:search
2020-10-28 17:52:17.668  INFO 972 --- [http-nio-8080-exec-8] com.springbootblog.aspect.LogAspect      : request:{url='http://localhost:8080/types/-1', ip='0:0:0:0:0:0:0:1', classMethod='com.springbootblog.web.TypeShowController.types', args=[Page request [number: 0, size 8, sort: updateTime: DESC], -1, {}]}
2020-10-28 17:52:17.682  INFO 972 --- [http-nio-8080-exec-8] com.springbootblog.aspect.LogAspect      : ---doAfter
2020-10-28 17:52:17.682  INFO 972 --- [http-nio-8080-exec-8] com.springbootblog.aspect.LogAspect      : result:types
2020-10-28 17:52:18.691  INFO 972 --- [http-nio-8080-exec-10] com.springbootblog.aspect.LogAspect      : request:{url='http://localhost:8080/types/1', ip='0:0:0:0:0:0:0:1', classMethod='com.springbootblog.web.TypeShowController.types', args=[Page request [number: 0, size 8, sort: updateTime: DESC], 1, {}]}
2020-10-28 17:52:18.699  INFO 972 --- [http-nio-8080-exec-10] com.springbootblog.aspect.LogAspect      : ---doAfter
2020-10-28 17:52:18.699  INFO 972 --- [http-nio-8080-exec-10] com.springbootblog.aspect.LogAspect      : result:types
2020-10-28 17:52:19.743  INFO 972 --- [http-nio-8080-exec-5] com.springbootblog.aspect.LogAspect      : request:{url='http://localhost:8080/types/101', ip='0:0:0:0:0:0:0:1', classMethod='com.springbootblog.web.TypeShowController.types', args=[Page request [number: 0, size 8, sort: updateTime: DESC], 101, {}]}
2020-10-28 17:52:19.749  INFO 972 --- [http-nio-8080-exec-5] com.springbootblog.aspect.LogAspect      : ---doAfter
2020-10-28 17:52:19.750  INFO 972 --- [http-nio-8080-exec-5] com.springbootblog.aspect.LogAspect      : result:types
2020-10-28 17:52:20.646  INFO 972 --- [http-nio-8080-exec-9] com.springbootblog.aspect.LogAspect      : request:{url='http://localhost:8080/archives', ip='0:0:0:0:0:0:0:1', classMethod='com.springbootblog.web.ArchiveShowController.archives', args=[{}]}
2020-10-28 17:52:20.660  INFO 972 --- [http-nio-8080-exec-9] com.springbootblog.aspect.LogAspect      : ---doAfter
2020-10-28 17:52:20.660  INFO 972 --- [http-nio-8080-exec-9] com.springbootblog.aspect.LogAspect      : result:archives
2020-10-28 17:52:23.823  INFO 972 --- [http-nio-8080-exec-7] com.springbootblog.aspect.LogAspect      : request:{url='http://localhost:8080/search', ip='0:0:0:0:0:0:0:1', classMethod='com.springbootblog.web.IndexController.search', args=[Page request [number: 0, size 3, sort: updateTime: DESC], å †, {}]}
2020-10-28 17:52:23.827  INFO 972 --- [http-nio-8080-exec-7] com.springbootblog.aspect.LogAspect      : ---doAfter
2020-10-28 17:52:23.828  INFO 972 --- [http-nio-8080-exec-7] com.springbootblog.aspect.LogAspect      : result:search
2020-10-28 17:52:26.175  INFO 972 --- [http-nio-8080-exec-5] com.springbootblog.aspect.LogAspect      : request:{url='http://localhost:8080/archives', ip='0:0:0:0:0:0:0:1', classMethod='com.springbootblog.web.ArchiveShowController.archives', args=[{}]}
2020-10-28 17:52:26.186  INFO 972 --- [http-nio-8080-exec-5] com.springbootblog.aspect.LogAspect      : ---doAfter
2020-10-28 17:52:26.186  INFO 972 --- [http-nio-8080-exec-5] com.springbootblog.aspect.LogAspect      : result:archives
2020-10-28 17:52:26.863  INFO 972 --- [http-nio-8080-exec-8] com.springbootblog.aspect.LogAspect      : request:{url='http://localhost:8080/about', ip='0:0:0:0:0:0:0:1', classMethod='com.springbootblog.web.IndexController.about', args=[]}
2020-10-28 17:52:26.864  INFO 972 --- [http-nio-8080-exec-8] com.springbootblog.aspect.LogAspect      : ---doAfter
2020-10-28 17:52:26.864  INFO 972 --- [http-nio-8080-exec-8] com.springbootblog.aspect.LogAspect      : result:about
2020-10-28 17:54:54.325  INFO 17960 --- [main] c.s.SpringbootBlogApplicationTests       : Starting SpringbootBlogApplicationTests on ÓðÈÞ333333 with PID 17960 (started by Administrator in C:\Users\Administrator\IdeaProjects\springboot-blog)
2020-10-28 17:54:54.326  INFO 17960 --- [main] c.s.SpringbootBlogApplicationTests       : The following profiles are active: ali
2020-10-28 17:54:57.744  WARN 17960 --- [main] JpaBaseConfiguration$JpaWebConfiguration : spring.jpa.open-in-view is enabled by default. Therefore, database queries may be performed during view rendering. Explicitly configure spring.jpa.open-in-view to disable this warning
2020-10-28 17:55:02.531  INFO 17960 --- [main] c.s.SpringbootBlogApplicationTests       : Started SpringbootBlogApplicationTests in 8.593 seconds (JVM running for 9.489)
